<?xml version="1.0" encoding="UTF-8"?>
<!-- Generated by org.testng.reporters.JUnitReportReporter -->
<testsuite hostname="DESKTOP-RRGPARO" failures="0" tests="2" name="testcases.DirectHire_Employee" time="28.780" errors="0" timestamp="2023-02-08T13:08:02 IST" skipped="0">
  <testcase classname="testcases.DirectHire_Employee" name="LoginPage" time="10.391"/>
  <system-out/>
  <testcase classname="testcases.DirectHire_Employee" name="OnBoarding_EmpPortal" time="18.389"/>
  <system-out/>
</testsuite> <!-- testcases.DirectHire_Employee -->
