<?xml version="1.0" encoding="UTF-8"?>
<!-- Generated by org.testng.reporters.JUnitReportReporter -->
<testsuite hostname="DESKTOP-RRGPARO" failures="0" tests="1" name="testcases.PerDiemWeekly_Scenerios" time="64.577" errors="0" timestamp="2023-03-09T18:38:38 IST" skipped="0">
  <testcase classname="testcases.PerDiemWeekly_Scenerios" name="Multi_PR_No_PD_change_Hourly" time="64.577"/>
  <system-out/>
</testsuite> <!-- testcases.PerDiemWeekly_Scenerios -->
