<?xml version="1.0" encoding="UTF-8"?>
<!-- Generated by org.testng.reporters.JUnitReportReporter -->
<testsuite hostname="DESKTOP-RRGPARO" failures="0" tests="1" name="testcases.PerDiem_9PFC_Scenerios" time="297.509" errors="0" timestamp="2023-03-09T15:29:51 IST" skipped="0">
  <testcase classname="testcases.PerDiem_9PFC_Scenerios" name="PD_change_PerDay" time="297.509"/>
  <system-out/>
</testsuite> <!-- testcases.PerDiem_9PFC_Scenerios -->
