<?xml version="1.0" encoding="UTF-8"?>
<!-- Generated by org.testng.reporters.JUnitReportReporter -->
<testsuite hostname="DESKTOP-RRGPARO" failures="0" tests="1" name="Utilities.BaseClass" time="13.745" errors="0" timestamp="2023-02-28T16:18:30 IST" skipped="0">
  <testcase classname="Utilities.BaseClass" name="Login" time="13.745"/>
  <system-out/>
</testsuite> <!-- Utilities.BaseClass -->
