<?xml version="1.0" encoding="UTF-8"?>
<!-- Generated by org.testng.reporters.JUnitReportReporter -->
<testsuite hostname="DESKTOP-RRGPARO" failures="0" tests="1" name="testcases.Canada_NewEmployee" time="25.195" errors="0" timestamp="2023-03-01T15:26:33 IST" skipped="0">
  <testcase classname="testcases.Canada_NewEmployee" name="SearchRequirement" time="25.195"/>
  <system-out/>
</testsuite> <!-- testcases.Canada_NewEmployee -->
