<?xml version="1.0" encoding="UTF-8"?>
<!-- Generated by org.testng.reporters.JUnitReportReporter -->
<testsuite hostname="DESKTOP-RRGPARO" failures="0" tests="2" name="Testcases_US.US_Clinical_Emp" time="53.770" errors="0" timestamp="2023-03-31T15:36:07 IST" skipped="0">
  <testcase classname="Testcases_US.US_Clinical_Emp" name="Clinical_NewEmp" time="26.262"/>
  <system-out/>
  <testcase classname="Testcases_US.US_Clinical_Emp" name="Clinical_NewEmp" time="27.508"/>
  <system-out/>
</testsuite> <!-- Testcases_US.US_Clinical_Emp -->
