<?xml version="1.0" encoding="UTF-8"?>
<!-- Generated by org.testng.reporters.JUnitReportReporter -->
<testsuite hostname="DESKTOP-RRGPARO" failures="0" tests="1" name="testcases.BiWeekly_Scenerios" time="247.284" errors="0" timestamp="2023-03-07T12:53:09 IST" skipped="0">
  <testcase classname="testcases.BiWeekly_Scenerios" name="PD_change_Weekly" time="247.284"/>
  <system-out/>
</testsuite> <!-- testcases.BiWeekly_Scenerios -->
