<?xml version="1.0" encoding="UTF-8"?>
<!-- Generated by org.testng.reporters.JUnitReportReporter -->
<testsuite hostname="DESKTOP-R1CGPVK" failures="0" tests="1" name="testcases.SearchReq" time="26.869" errors="0" timestamp="2022-12-07T13:03:42 IST" skipped="0">
  <testcase classname="testcases.SearchReq" name="SearchRequirement" time="26.869"/>
  <system-out/>
</testsuite> <!-- testcases.SearchReq -->
