<?xml version="1.0" encoding="UTF-8"?>
<!-- Generated by org.testng.reporters.JUnitReportReporter -->
<testsuite hostname="DESKTOP-RRGPARO" failures="0" tests="1" name="testcases.Weekly_Scenerios" time="160.285" errors="0" timestamp="2023-03-06T18:18:12 IST" skipped="0">
  <testcase classname="testcases.Weekly_Scenerios" name="Test1" time="160.285"/>
  <system-out/>
</testsuite> <!-- testcases.Weekly_Scenerios -->
