<?xml version="1.0" encoding="UTF-8"?>
<!-- Generated by org.testng.reporters.JUnitReportReporter -->
<testsuite hostname="DESKTOP-RRGPARO" failures="0" tests="7" name="US_Testcases.US_Clinical_Emp" time="740.213" errors="0" timestamp="2023-03-27T11:39:08 IST" skipped="0">
  <testcase classname="US_Testcases.US_Clinical_Emp" name="Clinical_NewEmp" time="119.991"/>
  <system-out/>
  <testcase classname="US_Testcases.US_Clinical_Emp" name="Clinical_NewEmp" time="120.756"/>
  <system-out/>
  <testcase classname="US_Testcases.US_Clinical_Emp" name="Clinical_NewEmp" time="103.689"/>
  <system-out/>
  <testcase classname="US_Testcases.US_Clinical_Emp" name="Clinical_NewEmp" time="119.401"/>
  <system-out/>
  <testcase classname="US_Testcases.US_Clinical_Emp" name="Clinical_NewEmp" time="73.571"/>
  <system-out/>
  <testcase classname="US_Testcases.US_Clinical_Emp" name="Clinical_NewEmp" time="101.914"/>
  <system-out/>
  <testcase classname="US_Testcases.US_Clinical_Emp" name="Clinical_NewEmp" time="100.891"/>
  <system-out/>
</testsuite> <!-- US_Testcases.US_Clinical_Emp -->
