<?xml version="1.0" encoding="UTF-8"?>
<!-- Generated by org.testng.reporters.JUnitReportReporter -->
<testsuite hostname="DESKTOP-RRGPARO" failures="0" tests="1" name="testcases.Timesheet2" time="51.223" errors="0" timestamp="2023-03-02T20:43:56 IST" skipped="0">
  <testcase classname="testcases.Timesheet2" name="RegularTimeSheet" time="51.223"/>
  <system-out/>
</testsuite> <!-- testcases.Timesheet2 -->
