<?xml version="1.0" encoding="UTF-8"?>
<!-- Generated by org.testng.reporters.JUnitReportReporter -->
<testsuite hostname="DESKTOP-RRGPARO" failures="0" tests="3" name="testcases.NonClinical_Employee" time="101.340" errors="0" timestamp="2023-02-08T12:45:13 IST" skipped="0">
  <testcase classname="testcases.NonClinical_Employee" name="LoginPage" time="12.516"/>
  <system-out/>
  <testcase classname="testcases.NonClinical_Employee" name="RecHR_WorkflowApproval" time="65.369"/>
  <system-out/>
  <testcase classname="testcases.NonClinical_Employee" name="Employee_EmpModule" time="23.455"/>
  <system-out/>
</testsuite> <!-- testcases.NonClinical_Employee -->
