<?xml version="1.0" encoding="UTF-8"?>
<!-- Generated by org.testng.reporters.JUnitReportReporter -->
<testsuite hostname="DESKTOP-RRGPARO" failures="0" tests="1" name="testcases.PerDiem_7FEC_Scenerios" time="52.489" errors="0" timestamp="2023-03-10T17:59:55 IST" skipped="0">
  <testcase classname="testcases.PerDiem_7FEC_Scenerios" name="UnApprovedTS" time="52.489"/>
  <system-out/>
</testsuite> <!-- testcases.PerDiem_7FEC_Scenerios -->
