<?xml version="1.0" encoding="UTF-8"?>
<!-- Generated by org.testng.reporters.JUnitReportReporter -->
<testsuite hostname="DESKTOP-RRGPARO" failures="0" tests="1" name="testcases.PerDiemBiWeekly_Scenerios" time="165.076" errors="0" timestamp="2023-03-07T14:25:24 IST" skipped="0">
  <testcase classname="testcases.PerDiemBiWeekly_Scenerios" name="NonClinicalTS_PD_PerDay" time="165.076"/>
  <system-out/>
</testsuite> <!-- testcases.PerDiemBiWeekly_Scenerios -->
