<?xml version="1.0" encoding="UTF-8"?>
<!-- Generated by org.testng.reporters.JUnitReportReporter -->
<testsuite hostname="DESKTOP-R1CGPVK" failures="0" tests="1" name="utiities.BaseClass" time="19.692" errors="0" timestamp="2022-11-30T10:32:07 IST" skipped="0">
  <testcase classname="utiities.BaseClass" name="client" time="19.692"/>
  <system-out/>
</testsuite> <!-- utiities.BaseClass -->
