<?xml version="1.0" encoding="UTF-8"?>
<!-- Generated by org.testng.reporters.JUnitReportReporter -->
<testsuite hostname="DESKTOP-R1CGPVK" failures="0" tests="1" name="testcases.NewClient" time="21.057" errors="0" timestamp="2022-12-13T10:36:39 IST" skipped="0">
  <testcase classname="testcases.NewClient" name="Addclient" time="21.057"/>
  <system-out/>
</testsuite> <!-- testcases.NewClient -->
